"blank"			"=========================="
"blank"			"#Valve_Movement_Title"
"blank"			"=========================="
"+forward"		"#Valve_Move_Forward"
"+back"			"#Valve_Move_Back"
"+moveleft"		"#Valve_Move_Left"
"+moveright"	"#Valve_Move_Right"
"+walk"         "#Valve_Walk"
"+jump"			"#Valve_Jump"
"+duck"			"#Valve_Duck"
"blank"			"=========================="
"blank"			"#MOM_Controls_Title"
"blank"			"=========================="
"mom_restart"	"#MOM_Controls_Restart"
"mom_reset"		"#MOM_Controls_Reset"
"showCPmenu"	"#MOM_Controls_ToggleMenu"
"mom_practice"  "#MOM_Controls_Practice"
"blank"			"=========================="
"blank"			"#Valve_Combat_Title"
"blank"			"=========================="
"+attack"		"#Valve_Primary_Attack"
"+attack2"		"#Valve_Secondary_Attack"
"+reload"		"#Valve_Reload_Weapon"
"+use"			"#Valve_Use_Items"
"impulse 100"	"#Valve_Flashlight"
"blank"			"=========================="
"blank"			"#Valve_Miscellaneous_Title"
"blank"			"=========================="
"jpeg"			"#Valve_Take_Screen_Shot"
"quit"			"#Valve_Quit_Game"
"toggleconsole"	"#Valve_Console_Toggle"

