"w"				"+forward"
"UPARROW"		"+forward"
"s"				"+back"
"DOWNARROW"		"+back"
"LEFTARROW"		"+left"
"RIGHTARROW"	"+right"
"a"				"+moveleft"
","				"+moveleft"
"d"				"+moveright"
"."				"+moveright"
"SPACE"			"+jump"
"CTRL"			"+duck"
"TAB"			"+showscores"
"e"				"+use"
"r"				"+reload"
"SHIFT"			"+walk"
"MOUSE1"		"+attack"
"MOUSE2"		"+attack2"
"MOUSE4"		"+left"
"f"				"impulse 100"
"1"				"slot1"
"2"				"slot2"
"3"				"slot3"
"4"				"slot4"
"5"				"slot5"
"6"				"slot6"
"MWHEELUP"		"+jump"
"["				"invprev"
"MWHEELDOWN"	"+jump"
"]"				"invnext"
"q"				"lastinv"
"F5"			"jpeg"
"F6"			"save quick"
"F7"			"load quick"
"F9"			"vr_toggle"
"F10"			"quit prompt"
"PAUSE"			"pause"
"ESCAPE"		"escape"
"~"				"toggleconsole"
"`"				"toggleconsole"
"t"				"impulse 201"
"y"				"messagemode"
"u"				"messagemode2"
"g"				"dropprimary"
"z"				"+zoom"